<?xml version="1.0" encoding="UTF-8"?>
<testng-results skipped="0" failed="0" ignored="0" total="2" passed="2">
  <reporter-output>
  </reporter-output>
  <suite name="Default suite" duration-ms="15092" started-at="2019-09-27T15:22:33Z" finished-at="2019-09-27T15:22:48Z">
    <groups>
    </groups>
    <test name="Default test" duration-ms="15092" started-at="2019-09-27T15:22:33Z" finished-at="2019-09-27T15:22:48Z">
      <class name="com.seleniumtest.GoogleSearch">
        <test-method status="PASS" signature="beforeClass()[pri:0, instance:com.seleniumtest.GoogleSearch@31a5c39e]" name="beforeClass" is-config="true" duration-ms="5934" started-at="2019-09-27T15:22:33Z" finished-at="2019-09-27T15:22:39Z">
          <reporter-output>
          </reporter-output>
        </test-method> <!-- beforeClass -->
        <test-method status="PASS" signature="step01_openGoogle()[pri:0, instance:com.seleniumtest.GoogleSearch@31a5c39e]" name="step01_openGoogle" duration-ms="751" started-at="2019-09-27T15:22:39Z" finished-at="2019-09-27T15:22:40Z">
          <reporter-output>
          </reporter-output>
        </test-method> <!-- step01_openGoogle -->
        <test-method status="PASS" signature="step02_searchAnything()[pri:0, instance:com.seleniumtest.GoogleSearch@31a5c39e]" name="step02_searchAnything" duration-ms="4065" started-at="2019-09-27T15:22:40Z" depends-on-methods="com.seleniumtest.GoogleSearch.step01_openGoogle" finished-at="2019-09-27T15:22:44Z">
          <reporter-output>
          </reporter-output>
        </test-method> <!-- step02_searchAnything -->
        <test-method status="PASS" signature="afterClass()[pri:0, instance:com.seleniumtest.GoogleSearch@31a5c39e]" name="afterClass" is-config="true" duration-ms="4323" started-at="2019-09-27T15:22:44Z" finished-at="2019-09-27T15:22:48Z">
          <reporter-output>
          </reporter-output>
        </test-method> <!-- afterClass -->
      </class> <!-- com.seleniumtest.GoogleSearch -->
    </test> <!-- Default test -->
  </suite> <!-- Default suite -->
</testng-results>
